{"level":"warn","ts":"2022-07-16T05:20:22.324Z","caller":"server/config.go:303","msg":"WARNING: insecure default parameter value, change this for production!","param":"console.username"}
{"level":"warn","ts":"2022-07-16T05:20:22.326Z","caller":"server/config.go:311","msg":"WARNING: insecure default parameter value, change this for production!","param":"console.signing_key"}
{"level":"warn","ts":"2022-07-16T05:20:22.327Z","caller":"server/config.go:315","msg":"WARNING: insecure default parameter value, change this for production!","param":"socket.server_key"}
{"level":"warn","ts":"2022-07-16T05:20:22.329Z","caller":"server/config.go:319","msg":"WARNING: insecure default parameter value, change this for production!","param":"session.encryption_key"}
{"level":"warn","ts":"2022-07-16T05:20:22.330Z","caller":"server/config.go:323","msg":"WARNING: insecure default parameter value, change this for production!","param":"session.refresh_encryption_key"}
{"level":"warn","ts":"2022-07-16T05:20:22.332Z","caller":"server/config.go:327","msg":"WARNING: insecure default parameter value, change this for production!","param":"runtime.http_key"}
{"level":"warn","ts":"2022-07-16T05:23:20.113Z","caller":"server/config.go:303","msg":"WARNING: insecure default parameter value, change this for production!","param":"console.username"}
{"level":"warn","ts":"2022-07-16T05:23:20.114Z","caller":"server/config.go:311","msg":"WARNING: insecure default parameter value, change this for production!","param":"console.signing_key"}
{"level":"warn","ts":"2022-07-16T05:23:20.115Z","caller":"server/config.go:315","msg":"WARNING: insecure default parameter value, change this for production!","param":"socket.server_key"}
{"level":"warn","ts":"2022-07-16T05:23:20.117Z","caller":"server/config.go:319","msg":"WARNING: insecure default parameter value, change this for production!","param":"session.encryption_key"}
{"level":"warn","ts":"2022-07-16T05:23:20.118Z","caller":"server/config.go:323","msg":"WARNING: insecure default parameter value, change this for production!","param":"session.refresh_encryption_key"}
{"level":"warn","ts":"2022-07-16T05:23:20.120Z","caller":"server/config.go:327","msg":"WARNING: insecure default parameter value, change this for production!","param":"runtime.http_key"}
{"level":"warn","ts":"2022-07-16T05:23:52.211Z","caller":"server/config.go:303","msg":"WARNING: insecure default parameter value, change this for production!","param":"console.username"}
{"level":"warn","ts":"2022-07-16T05:23:52.212Z","caller":"server/config.go:311","msg":"WARNING: insecure default parameter value, change this for production!","param":"console.signing_key"}
{"level":"warn","ts":"2022-07-16T05:23:52.213Z","caller":"server/config.go:315","msg":"WARNING: insecure default parameter value, change this for production!","param":"socket.server_key"}
{"level":"warn","ts":"2022-07-16T05:23:52.214Z","caller":"server/config.go:319","msg":"WARNING: insecure default parameter value, change this for production!","param":"session.encryption_key"}
{"level":"warn","ts":"2022-07-16T05:23:52.215Z","caller":"server/config.go:323","msg":"WARNING: insecure default parameter value, change this for production!","param":"session.refresh_encryption_key"}
{"level":"warn","ts":"2022-07-16T05:23:52.216Z","caller":"server/config.go:327","msg":"WARNING: insecure default parameter value, change this for production!","param":"runtime.http_key"}
{"level":"warn","ts":"2022-07-16T05:25:43.540Z","caller":"server/config.go:303","msg":"WARNING: insecure default parameter value, change this for production!","param":"console.username"}
{"level":"warn","ts":"2022-07-16T05:25:43.541Z","caller":"server/config.go:311","msg":"WARNING: insecure default parameter value, change this for production!","param":"console.signing_key"}
{"level":"warn","ts":"2022-07-16T05:25:43.542Z","caller":"server/config.go:315","msg":"WARNING: insecure default parameter value, change this for production!","param":"socket.server_key"}
{"level":"warn","ts":"2022-07-16T05:25:43.544Z","caller":"server/config.go:319","msg":"WARNING: insecure default parameter value, change this for production!","param":"session.encryption_key"}
{"level":"warn","ts":"2022-07-16T05:25:43.545Z","caller":"server/config.go:323","msg":"WARNING: insecure default parameter value, change this for production!","param":"session.refresh_encryption_key"}
{"level":"warn","ts":"2022-07-16T05:25:43.546Z","caller":"server/config.go:327","msg":"WARNING: insecure default parameter value, change this for production!","param":"runtime.http_key"}
{"level":"warn","ts":"2022-07-16T05:25:49.294Z","caller":"server/config.go:303","msg":"WARNING: insecure default parameter value, change this for production!","param":"console.username"}
{"level":"warn","ts":"2022-07-16T05:25:49.295Z","caller":"server/config.go:311","msg":"WARNING: insecure default parameter value, change this for production!","param":"console.signing_key"}
{"level":"warn","ts":"2022-07-16T05:25:49.296Z","caller":"server/config.go:315","msg":"WARNING: insecure default parameter value, change this for production!","param":"socket.server_key"}
{"level":"warn","ts":"2022-07-16T05:25:49.297Z","caller":"server/config.go:319","msg":"WARNING: insecure default parameter value, change this for production!","param":"session.encryption_key"}
{"level":"warn","ts":"2022-07-16T05:25:49.299Z","caller":"server/config.go:323","msg":"WARNING: insecure default parameter value, change this for production!","param":"session.refresh_encryption_key"}
{"level":"warn","ts":"2022-07-16T05:25:49.300Z","caller":"server/config.go:327","msg":"WARNING: insecure default parameter value, change this for production!","param":"runtime.http_key"}
{"level":"warn","ts":"2022-07-16T05:26:52.604Z","caller":"server/config.go:303","msg":"WARNING: insecure default parameter value, change this for production!","param":"console.username"}
{"level":"warn","ts":"2022-07-16T05:26:52.605Z","caller":"server/config.go:311","msg":"WARNING: insecure default parameter value, change this for production!","param":"console.signing_key"}
{"level":"warn","ts":"2022-07-16T05:26:52.606Z","caller":"server/config.go:315","msg":"WARNING: insecure default parameter value, change this for production!","param":"socket.server_key"}
{"level":"warn","ts":"2022-07-16T05:26:52.607Z","caller":"server/config.go:319","msg":"WARNING: insecure default parameter value, change this for production!","param":"session.encryption_key"}
{"level":"warn","ts":"2022-07-16T05:26:52.608Z","caller":"server/config.go:323","msg":"WARNING: insecure default parameter value, change this for production!","param":"session.refresh_encryption_key"}
{"level":"warn","ts":"2022-07-16T05:26:52.609Z","caller":"server/config.go:327","msg":"WARNING: insecure default parameter value, change this for production!","param":"runtime.http_key"}
{"level":"warn","ts":"2022-07-16T05:43:46.766Z","caller":"server/config.go:303","msg":"WARNING: insecure default parameter value, change this for production!","param":"console.username"}
{"level":"warn","ts":"2022-07-16T05:43:46.767Z","caller":"server/config.go:311","msg":"WARNING: insecure default parameter value, change this for production!","param":"console.signing_key"}
{"level":"warn","ts":"2022-07-16T05:43:46.768Z","caller":"server/config.go:315","msg":"WARNING: insecure default parameter value, change this for production!","param":"socket.server_key"}
{"level":"warn","ts":"2022-07-16T05:43:46.769Z","caller":"server/config.go:319","msg":"WARNING: insecure default parameter value, change this for production!","param":"session.encryption_key"}
{"level":"warn","ts":"2022-07-16T05:43:46.770Z","caller":"server/config.go:323","msg":"WARNING: insecure default parameter value, change this for production!","param":"session.refresh_encryption_key"}
{"level":"warn","ts":"2022-07-16T05:43:46.771Z","caller":"server/config.go:327","msg":"WARNING: insecure default parameter value, change this for production!","param":"runtime.http_key"}
{"level":"warn","ts":"2022-07-16T05:44:02.912Z","caller":"server/config.go:303","msg":"WARNING: insecure default parameter value, change this for production!","param":"console.username"}
{"level":"warn","ts":"2022-07-16T05:44:02.914Z","caller":"server/config.go:311","msg":"WARNING: insecure default parameter value, change this for production!","param":"console.signing_key"}
{"level":"warn","ts":"2022-07-16T05:44:02.914Z","caller":"server/config.go:315","msg":"WARNING: insecure default parameter value, change this for production!","param":"socket.server_key"}
{"level":"warn","ts":"2022-07-16T05:44:02.915Z","caller":"server/config.go:319","msg":"WARNING: insecure default parameter value, change this for production!","param":"session.encryption_key"}
{"level":"warn","ts":"2022-07-16T05:44:02.916Z","caller":"server/config.go:323","msg":"WARNING: insecure default parameter value, change this for production!","param":"session.refresh_encryption_key"}
{"level":"warn","ts":"2022-07-16T05:44:02.917Z","caller":"server/config.go:327","msg":"WARNING: insecure default parameter value, change this for production!","param":"runtime.http_key"}
{"level":"warn","ts":"2022-07-16T05:45:27.911Z","caller":"server/config.go:303","msg":"WARNING: insecure default parameter value, change this for production!","param":"console.username"}
{"level":"warn","ts":"2022-07-16T05:45:27.913Z","caller":"server/config.go:311","msg":"WARNING: insecure default parameter value, change this for production!","param":"console.signing_key"}
{"level":"warn","ts":"2022-07-16T05:45:27.914Z","caller":"server/config.go:315","msg":"WARNING: insecure default parameter value, change this for production!","param":"socket.server_key"}
{"level":"warn","ts":"2022-07-16T05:45:27.915Z","caller":"server/config.go:319","msg":"WARNING: insecure default parameter value, change this for production!","param":"session.encryption_key"}
{"level":"warn","ts":"2022-07-16T05:45:27.916Z","caller":"server/config.go:323","msg":"WARNING: insecure default parameter value, change this for production!","param":"session.refresh_encryption_key"}
{"level":"warn","ts":"2022-07-16T05:45:27.917Z","caller":"server/config.go:327","msg":"WARNING: insecure default parameter value, change this for production!","param":"runtime.http_key"}
{"level":"warn","ts":"2022-07-16T05:47:25.504Z","caller":"server/config.go:303","msg":"WARNING: insecure default parameter value, change this for production!","param":"console.username"}
{"level":"warn","ts":"2022-07-16T05:47:25.506Z","caller":"server/config.go:311","msg":"WARNING: insecure default parameter value, change this for production!","param":"console.signing_key"}
{"level":"warn","ts":"2022-07-16T05:47:25.507Z","caller":"server/config.go:315","msg":"WARNING: insecure default parameter value, change this for production!","param":"socket.server_key"}
{"level":"warn","ts":"2022-07-16T05:47:25.508Z","caller":"server/config.go:319","msg":"WARNING: insecure default parameter value, change this for production!","param":"session.encryption_key"}
{"level":"warn","ts":"2022-07-16T05:47:25.509Z","caller":"server/config.go:323","msg":"WARNING: insecure default parameter value, change this for production!","param":"session.refresh_encryption_key"}
{"level":"warn","ts":"2022-07-16T05:47:25.510Z","caller":"server/config.go:327","msg":"WARNING: insecure default parameter value, change this for production!","param":"runtime.http_key"}
{"level":"warn","ts":"2022-07-16T05:56:24.554Z","caller":"server/config.go:303","msg":"WARNING: insecure default parameter value, change this for production!","param":"console.username"}
{"level":"warn","ts":"2022-07-16T05:56:24.555Z","caller":"server/config.go:311","msg":"WARNING: insecure default parameter value, change this for production!","param":"console.signing_key"}
{"level":"warn","ts":"2022-07-16T05:56:24.556Z","caller":"server/config.go:315","msg":"WARNING: insecure default parameter value, change this for production!","param":"socket.server_key"}
{"level":"warn","ts":"2022-07-16T05:56:24.558Z","caller":"server/config.go:319","msg":"WARNING: insecure default parameter value, change this for production!","param":"session.encryption_key"}
{"level":"warn","ts":"2022-07-16T05:56:24.559Z","caller":"server/config.go:323","msg":"WARNING: insecure default parameter value, change this for production!","param":"session.refresh_encryption_key"}
{"level":"warn","ts":"2022-07-16T05:56:24.561Z","caller":"server/config.go:327","msg":"WARNING: insecure default parameter value, change this for production!","param":"runtime.http_key"}
{"level":"warn","ts":"2022-07-16T06:02:52.211Z","caller":"server/config.go:303","msg":"WARNING: insecure default parameter value, change this for production!","param":"console.username"}
{"level":"warn","ts":"2022-07-16T06:02:52.212Z","caller":"server/config.go:311","msg":"WARNING: insecure default parameter value, change this for production!","param":"console.signing_key"}
{"level":"warn","ts":"2022-07-16T06:02:52.213Z","caller":"server/config.go:315","msg":"WARNING: insecure default parameter value, change this for production!","param":"socket.server_key"}
{"level":"warn","ts":"2022-07-16T06:02:52.214Z","caller":"server/config.go:319","msg":"WARNING: insecure default parameter value, change this for production!","param":"session.encryption_key"}
{"level":"warn","ts":"2022-07-16T06:02:52.215Z","caller":"server/config.go:323","msg":"WARNING: insecure default parameter value, change this for production!","param":"session.refresh_encryption_key"}
{"level":"warn","ts":"2022-07-16T06:02:52.216Z","caller":"server/config.go:327","msg":"WARNING: insecure default parameter value, change this for production!","param":"runtime.http_key"}
{"level":"warn","ts":"2022-07-16T06:09:01.610Z","caller":"server/config.go:303","msg":"WARNING: insecure default parameter value, change this for production!","param":"console.username"}
{"level":"warn","ts":"2022-07-16T06:09:01.612Z","caller":"server/config.go:311","msg":"WARNING: insecure default parameter value, change this for production!","param":"console.signing_key"}
{"level":"warn","ts":"2022-07-16T06:09:01.612Z","caller":"server/config.go:315","msg":"WARNING: insecure default parameter value, change this for production!","param":"socket.server_key"}
{"level":"warn","ts":"2022-07-16T06:09:01.613Z","caller":"server/config.go:319","msg":"WARNING: insecure default parameter value, change this for production!","param":"session.encryption_key"}
{"level":"warn","ts":"2022-07-16T06:09:01.614Z","caller":"server/config.go:323","msg":"WARNING: insecure default parameter value, change this for production!","param":"session.refresh_encryption_key"}
{"level":"warn","ts":"2022-07-16T06:09:01.615Z","caller":"server/config.go:327","msg":"WARNING: insecure default parameter value, change this for production!","param":"runtime.http_key"}
{"level":"warn","ts":"2022-07-16T06:29:20.492Z","caller":"server/config.go:303","msg":"WARNING: insecure default parameter value, change this for production!","param":"console.username"}
{"level":"warn","ts":"2022-07-16T06:29:20.494Z","caller":"server/config.go:311","msg":"WARNING: insecure default parameter value, change this for production!","param":"console.signing_key"}
{"level":"warn","ts":"2022-07-16T06:29:20.495Z","caller":"server/config.go:315","msg":"WARNING: insecure default parameter value, change this for production!","param":"socket.server_key"}
{"level":"warn","ts":"2022-07-16T06:29:20.496Z","caller":"server/config.go:319","msg":"WARNING: insecure default parameter value, change this for production!","param":"session.encryption_key"}
{"level":"warn","ts":"2022-07-16T06:29:20.496Z","caller":"server/config.go:323","msg":"WARNING: insecure default parameter value, change this for production!","param":"session.refresh_encryption_key"}
{"level":"warn","ts":"2022-07-16T06:29:20.497Z","caller":"server/config.go:327","msg":"WARNING: insecure default parameter value, change this for production!","param":"runtime.http_key"}
{"level":"warn","ts":"2022-07-16T08:24:51.102Z","caller":"server/config.go:303","msg":"WARNING: insecure default parameter value, change this for production!","param":"console.username"}
{"level":"warn","ts":"2022-07-16T08:24:51.103Z","caller":"server/config.go:311","msg":"WARNING: insecure default parameter value, change this for production!","param":"console.signing_key"}
{"level":"warn","ts":"2022-07-16T08:24:51.110Z","caller":"server/config.go:315","msg":"WARNING: insecure default parameter value, change this for production!","param":"socket.server_key"}
{"level":"warn","ts":"2022-07-16T08:24:51.114Z","caller":"server/config.go:319","msg":"WARNING: insecure default parameter value, change this for production!","param":"session.encryption_key"}
{"level":"warn","ts":"2022-07-16T08:24:51.115Z","caller":"server/config.go:323","msg":"WARNING: insecure default parameter value, change this for production!","param":"session.refresh_encryption_key"}
{"level":"warn","ts":"2022-07-16T08:24:51.117Z","caller":"server/config.go:327","msg":"WARNING: insecure default parameter value, change this for production!","param":"runtime.http_key"}
{"level":"warn","ts":"2022-07-16T10:15:18.617Z","caller":"server/config.go:303","msg":"WARNING: insecure default parameter value, change this for production!","param":"console.username"}
{"level":"warn","ts":"2022-07-16T10:15:18.619Z","caller":"server/config.go:311","msg":"WARNING: insecure default parameter value, change this for production!","param":"console.signing_key"}
{"level":"warn","ts":"2022-07-16T10:15:18.620Z","caller":"server/config.go:315","msg":"WARNING: insecure default parameter value, change this for production!","param":"socket.server_key"}
{"level":"warn","ts":"2022-07-16T10:15:18.621Z","caller":"server/config.go:319","msg":"WARNING: insecure default parameter value, change this for production!","param":"session.encryption_key"}
{"level":"warn","ts":"2022-07-16T10:15:18.622Z","caller":"server/config.go:323","msg":"WARNING: insecure default parameter value, change this for production!","param":"session.refresh_encryption_key"}
{"level":"warn","ts":"2022-07-16T10:15:18.623Z","caller":"server/config.go:327","msg":"WARNING: insecure default parameter value, change this for production!","param":"runtime.http_key"}
{"level":"warn","ts":"2022-07-16T11:56:34.133Z","caller":"server/config.go:303","msg":"WARNING: insecure default parameter value, change this for production!","param":"console.username"}
{"level":"warn","ts":"2022-07-16T11:56:34.134Z","caller":"server/config.go:311","msg":"WARNING: insecure default parameter value, change this for production!","param":"console.signing_key"}
{"level":"warn","ts":"2022-07-16T11:56:34.135Z","caller":"server/config.go:315","msg":"WARNING: insecure default parameter value, change this for production!","param":"socket.server_key"}
{"level":"warn","ts":"2022-07-16T11:56:34.137Z","caller":"server/config.go:319","msg":"WARNING: insecure default parameter value, change this for production!","param":"session.encryption_key"}
{"level":"warn","ts":"2022-07-16T11:56:34.138Z","caller":"server/config.go:323","msg":"WARNING: insecure default parameter value, change this for production!","param":"session.refresh_encryption_key"}
{"level":"warn","ts":"2022-07-16T11:56:34.139Z","caller":"server/config.go:327","msg":"WARNING: insecure default parameter value, change this for production!","param":"runtime.http_key"}
{"level":"warn","ts":"2022-07-16T12:00:11.545Z","caller":"server/config.go:303","msg":"WARNING: insecure default parameter value, change this for production!","param":"console.username"}
{"level":"warn","ts":"2022-07-16T12:00:11.547Z","caller":"server/config.go:311","msg":"WARNING: insecure default parameter value, change this for production!","param":"console.signing_key"}
{"level":"warn","ts":"2022-07-16T12:00:11.549Z","caller":"server/config.go:315","msg":"WARNING: insecure default parameter value, change this for production!","param":"socket.server_key"}
{"level":"warn","ts":"2022-07-16T12:00:11.550Z","caller":"server/config.go:319","msg":"WARNING: insecure default parameter value, change this for production!","param":"session.encryption_key"}
{"level":"warn","ts":"2022-07-16T12:00:11.552Z","caller":"server/config.go:323","msg":"WARNING: insecure default parameter value, change this for production!","param":"session.refresh_encryption_key"}
{"level":"warn","ts":"2022-07-16T12:00:11.554Z","caller":"server/config.go:327","msg":"WARNING: insecure default parameter value, change this for production!","param":"runtime.http_key"}
{"level":"warn","ts":"2022-07-16T18:38:23.374Z","caller":"server/config.go:303","msg":"WARNING: insecure default parameter value, change this for production!","param":"console.username"}
{"level":"warn","ts":"2022-07-16T18:38:23.376Z","caller":"server/config.go:311","msg":"WARNING: insecure default parameter value, change this for production!","param":"console.signing_key"}
{"level":"warn","ts":"2022-07-16T18:38:23.377Z","caller":"server/config.go:315","msg":"WARNING: insecure default parameter value, change this for production!","param":"socket.server_key"}
{"level":"warn","ts":"2022-07-16T18:38:23.379Z","caller":"server/config.go:319","msg":"WARNING: insecure default parameter value, change this for production!","param":"session.encryption_key"}
{"level":"warn","ts":"2022-07-16T18:38:23.380Z","caller":"server/config.go:323","msg":"WARNING: insecure default parameter value, change this for production!","param":"session.refresh_encryption_key"}
{"level":"warn","ts":"2022-07-16T18:38:23.382Z","caller":"server/config.go:327","msg":"WARNING: insecure default parameter value, change this for production!","param":"runtime.http_key"}
{"level":"warn","ts":"2022-07-17T17:17:01.260Z","caller":"server/config.go:303","msg":"WARNING: insecure default parameter value, change this for production!","param":"console.username"}
{"level":"warn","ts":"2022-07-17T17:17:01.261Z","caller":"server/config.go:311","msg":"WARNING: insecure default parameter value, change this for production!","param":"console.signing_key"}
{"level":"warn","ts":"2022-07-17T17:17:01.263Z","caller":"server/config.go:315","msg":"WARNING: insecure default parameter value, change this for production!","param":"socket.server_key"}
{"level":"warn","ts":"2022-07-17T17:17:01.265Z","caller":"server/config.go:319","msg":"WARNING: insecure default parameter value, change this for production!","param":"session.encryption_key"}
{"level":"warn","ts":"2022-07-17T17:17:01.267Z","caller":"server/config.go:323","msg":"WARNING: insecure default parameter value, change this for production!","param":"session.refresh_encryption_key"}
{"level":"warn","ts":"2022-07-17T17:17:01.268Z","caller":"server/config.go:327","msg":"WARNING: insecure default parameter value, change this for production!","param":"runtime.http_key"}
{"level":"warn","ts":"2022-07-18T05:50:41.860Z","caller":"server/config.go:303","msg":"WARNING: insecure default parameter value, change this for production!","param":"console.username"}
{"level":"warn","ts":"2022-07-18T05:50:41.862Z","caller":"server/config.go:311","msg":"WARNING: insecure default parameter value, change this for production!","param":"console.signing_key"}
{"level":"warn","ts":"2022-07-18T05:50:41.863Z","caller":"server/config.go:315","msg":"WARNING: insecure default parameter value, change this for production!","param":"socket.server_key"}
{"level":"warn","ts":"2022-07-18T05:50:41.864Z","caller":"server/config.go:319","msg":"WARNING: insecure default parameter value, change this for production!","param":"session.encryption_key"}
{"level":"warn","ts":"2022-07-18T05:50:41.865Z","caller":"server/config.go:323","msg":"WARNING: insecure default parameter value, change this for production!","param":"session.refresh_encryption_key"}
{"level":"warn","ts":"2022-07-18T05:50:41.866Z","caller":"server/config.go:327","msg":"WARNING: insecure default parameter value, change this for production!","param":"runtime.http_key"}
{"level":"warn","ts":"2025-03-23T07:32:44.392Z","caller":"server/config.go:303","msg":"WARNING: insecure default parameter value, change this for production!","param":"console.username"}
{"level":"warn","ts":"2025-03-23T07:32:44.393Z","caller":"server/config.go:311","msg":"WARNING: insecure default parameter value, change this for production!","param":"console.signing_key"}
{"level":"warn","ts":"2025-03-23T07:32:44.393Z","caller":"server/config.go:315","msg":"WARNING: insecure default parameter value, change this for production!","param":"socket.server_key"}
{"level":"warn","ts":"2025-03-23T07:32:44.393Z","caller":"server/config.go:319","msg":"WARNING: insecure default parameter value, change this for production!","param":"session.encryption_key"}
{"level":"warn","ts":"2025-03-23T07:32:44.393Z","caller":"server/config.go:323","msg":"WARNING: insecure default parameter value, change this for production!","param":"session.refresh_encryption_key"}
{"level":"warn","ts":"2025-03-23T07:32:44.394Z","caller":"server/config.go:327","msg":"WARNING: insecure default parameter value, change this for production!","param":"runtime.http_key"}
{"level":"warn","ts":"2025-03-23T11:10:52.052Z","caller":"server/config.go:303","msg":"WARNING: insecure default parameter value, change this for production!","param":"console.username"}
{"level":"warn","ts":"2025-03-23T11:10:52.052Z","caller":"server/config.go:311","msg":"WARNING: insecure default parameter value, change this for production!","param":"console.signing_key"}
{"level":"warn","ts":"2025-03-23T11:10:52.052Z","caller":"server/config.go:315","msg":"WARNING: insecure default parameter value, change this for production!","param":"socket.server_key"}
{"level":"warn","ts":"2025-03-23T11:10:52.052Z","caller":"server/config.go:319","msg":"WARNING: insecure default parameter value, change this for production!","param":"session.encryption_key"}
{"level":"warn","ts":"2025-03-23T11:10:52.052Z","caller":"server/config.go:323","msg":"WARNING: insecure default parameter value, change this for production!","param":"session.refresh_encryption_key"}
{"level":"warn","ts":"2025-03-23T11:10:52.053Z","caller":"server/config.go:327","msg":"WARNING: insecure default parameter value, change this for production!","param":"runtime.http_key"}
{"level":"warn","ts":"2025-03-23T11:39:47.390Z","caller":"server/config.go:303","msg":"WARNING: insecure default parameter value, change this for production!","param":"console.username"}
{"level":"warn","ts":"2025-03-23T11:39:47.390Z","caller":"server/config.go:311","msg":"WARNING: insecure default parameter value, change this for production!","param":"console.signing_key"}
{"level":"warn","ts":"2025-03-23T11:39:47.390Z","caller":"server/config.go:315","msg":"WARNING: insecure default parameter value, change this for production!","param":"socket.server_key"}
{"level":"warn","ts":"2025-03-23T11:39:47.390Z","caller":"server/config.go:319","msg":"WARNING: insecure default parameter value, change this for production!","param":"session.encryption_key"}
{"level":"warn","ts":"2025-03-23T11:39:47.391Z","caller":"server/config.go:323","msg":"WARNING: insecure default parameter value, change this for production!","param":"session.refresh_encryption_key"}
{"level":"warn","ts":"2025-03-23T11:39:47.391Z","caller":"server/config.go:327","msg":"WARNING: insecure default parameter value, change this for production!","param":"runtime.http_key"}
{"level":"warn","ts":"2025-03-23T11:56:17.879Z","caller":"server/config.go:303","msg":"WARNING: insecure default parameter value, change this for production!","param":"console.username"}
{"level":"warn","ts":"2025-03-23T11:56:17.879Z","caller":"server/config.go:311","msg":"WARNING: insecure default parameter value, change this for production!","param":"console.signing_key"}
{"level":"warn","ts":"2025-03-23T11:56:17.879Z","caller":"server/config.go:315","msg":"WARNING: insecure default parameter value, change this for production!","param":"socket.server_key"}
{"level":"warn","ts":"2025-03-23T11:56:17.879Z","caller":"server/config.go:319","msg":"WARNING: insecure default parameter value, change this for production!","param":"session.encryption_key"}
{"level":"warn","ts":"2025-03-23T11:56:17.880Z","caller":"server/config.go:323","msg":"WARNING: insecure default parameter value, change this for production!","param":"session.refresh_encryption_key"}
{"level":"warn","ts":"2025-03-23T11:56:17.880Z","caller":"server/config.go:327","msg":"WARNING: insecure default parameter value, change this for production!","param":"runtime.http_key"}
{"level":"warn","ts":"2025-03-23T11:58:05.773Z","caller":"server/config.go:303","msg":"WARNING: insecure default parameter value, change this for production!","param":"console.username"}
{"level":"warn","ts":"2025-03-23T11:58:05.773Z","caller":"server/config.go:311","msg":"WARNING: insecure default parameter value, change this for production!","param":"console.signing_key"}
{"level":"warn","ts":"2025-03-23T11:58:05.774Z","caller":"server/config.go:315","msg":"WARNING: insecure default parameter value, change this for production!","param":"socket.server_key"}
{"level":"warn","ts":"2025-03-23T11:58:05.774Z","caller":"server/config.go:319","msg":"WARNING: insecure default parameter value, change this for production!","param":"session.encryption_key"}
{"level":"warn","ts":"2025-03-23T11:58:05.774Z","caller":"server/config.go:323","msg":"WARNING: insecure default parameter value, change this for production!","param":"session.refresh_encryption_key"}
{"level":"warn","ts":"2025-03-23T11:58:05.774Z","caller":"server/config.go:327","msg":"WARNING: insecure default parameter value, change this for production!","param":"runtime.http_key"}
{"level":"warn","ts":"2025-03-23T12:00:37.437Z","caller":"server/config.go:303","msg":"WARNING: insecure default parameter value, change this for production!","param":"console.username"}
{"level":"warn","ts":"2025-03-23T12:00:37.438Z","caller":"server/config.go:311","msg":"WARNING: insecure default parameter value, change this for production!","param":"console.signing_key"}
{"level":"warn","ts":"2025-03-23T12:00:37.438Z","caller":"server/config.go:315","msg":"WARNING: insecure default parameter value, change this for production!","param":"socket.server_key"}
{"level":"warn","ts":"2025-03-23T12:00:37.439Z","caller":"server/config.go:319","msg":"WARNING: insecure default parameter value, change this for production!","param":"session.encryption_key"}
{"level":"warn","ts":"2025-03-23T12:00:37.439Z","caller":"server/config.go:323","msg":"WARNING: insecure default parameter value, change this for production!","param":"session.refresh_encryption_key"}
{"level":"warn","ts":"2025-03-23T12:00:37.439Z","caller":"server/config.go:327","msg":"WARNING: insecure default parameter value, change this for production!","param":"runtime.http_key"}
{"level":"warn","ts":"2025-03-23T12:18:49.156Z","caller":"server/config.go:303","msg":"WARNING: insecure default parameter value, change this for production!","param":"console.username"}
{"level":"warn","ts":"2025-03-23T12:18:49.157Z","caller":"server/config.go:311","msg":"WARNING: insecure default parameter value, change this for production!","param":"console.signing_key"}
{"level":"warn","ts":"2025-03-23T12:18:49.157Z","caller":"server/config.go:315","msg":"WARNING: insecure default parameter value, change this for production!","param":"socket.server_key"}
{"level":"warn","ts":"2025-03-23T12:18:49.157Z","caller":"server/config.go:319","msg":"WARNING: insecure default parameter value, change this for production!","param":"session.encryption_key"}
{"level":"warn","ts":"2025-03-23T12:18:49.157Z","caller":"server/config.go:323","msg":"WARNING: insecure default parameter value, change this for production!","param":"session.refresh_encryption_key"}
{"level":"warn","ts":"2025-03-23T12:18:49.158Z","caller":"server/config.go:327","msg":"WARNING: insecure default parameter value, change this for production!","param":"runtime.http_key"}
{"level":"warn","ts":"2025-03-23T12:32:33.716Z","caller":"server/config.go:303","msg":"WARNING: insecure default parameter value, change this for production!","param":"console.username"}
{"level":"warn","ts":"2025-03-23T12:32:33.716Z","caller":"server/config.go:311","msg":"WARNING: insecure default parameter value, change this for production!","param":"console.signing_key"}
{"level":"warn","ts":"2025-03-23T12:32:33.716Z","caller":"server/config.go:315","msg":"WARNING: insecure default parameter value, change this for production!","param":"socket.server_key"}
{"level":"warn","ts":"2025-03-23T12:32:33.717Z","caller":"server/config.go:319","msg":"WARNING: insecure default parameter value, change this for production!","param":"session.encryption_key"}
{"level":"warn","ts":"2025-03-23T12:32:33.717Z","caller":"server/config.go:323","msg":"WARNING: insecure default parameter value, change this for production!","param":"session.refresh_encryption_key"}
{"level":"warn","ts":"2025-03-23T12:32:33.718Z","caller":"server/config.go:327","msg":"WARNING: insecure default parameter value, change this for production!","param":"runtime.http_key"}
{"level":"warn","ts":"2025-03-23T12:43:54.429Z","caller":"server/config.go:303","msg":"WARNING: insecure default parameter value, change this for production!","param":"console.username"}
{"level":"warn","ts":"2025-03-23T12:43:54.429Z","caller":"server/config.go:311","msg":"WARNING: insecure default parameter value, change this for production!","param":"console.signing_key"}
{"level":"warn","ts":"2025-03-23T12:43:54.429Z","caller":"server/config.go:315","msg":"WARNING: insecure default parameter value, change this for production!","param":"socket.server_key"}
{"level":"warn","ts":"2025-03-23T12:43:54.429Z","caller":"server/config.go:319","msg":"WARNING: insecure default parameter value, change this for production!","param":"session.encryption_key"}
{"level":"warn","ts":"2025-03-23T12:43:54.429Z","caller":"server/config.go:323","msg":"WARNING: insecure default parameter value, change this for production!","param":"session.refresh_encryption_key"}
{"level":"warn","ts":"2025-03-23T12:43:54.430Z","caller":"server/config.go:327","msg":"WARNING: insecure default parameter value, change this for production!","param":"runtime.http_key"}
{"level":"warn","ts":"2025-03-25T01:01:38.713Z","caller":"server/config.go:303","msg":"WARNING: insecure default parameter value, change this for production!","param":"console.username"}
{"level":"warn","ts":"2025-03-25T01:01:38.714Z","caller":"server/config.go:311","msg":"WARNING: insecure default parameter value, change this for production!","param":"console.signing_key"}
{"level":"warn","ts":"2025-03-25T01:01:38.714Z","caller":"server/config.go:315","msg":"WARNING: insecure default parameter value, change this for production!","param":"socket.server_key"}
{"level":"warn","ts":"2025-03-25T01:01:38.714Z","caller":"server/config.go:319","msg":"WARNING: insecure default parameter value, change this for production!","param":"session.encryption_key"}
{"level":"warn","ts":"2025-03-25T01:01:38.715Z","caller":"server/config.go:323","msg":"WARNING: insecure default parameter value, change this for production!","param":"session.refresh_encryption_key"}
{"level":"warn","ts":"2025-03-25T01:01:38.715Z","caller":"server/config.go:327","msg":"WARNING: insecure default parameter value, change this for production!","param":"runtime.http_key"}
{"level":"warn","ts":"2025-03-25T01:29:16.135Z","caller":"server/config.go:303","msg":"WARNING: insecure default parameter value, change this for production!","param":"console.username"}
{"level":"warn","ts":"2025-03-25T01:29:16.135Z","caller":"server/config.go:311","msg":"WARNING: insecure default parameter value, change this for production!","param":"console.signing_key"}
{"level":"warn","ts":"2025-03-25T01:29:16.136Z","caller":"server/config.go:315","msg":"WARNING: insecure default parameter value, change this for production!","param":"socket.server_key"}
{"level":"warn","ts":"2025-03-25T01:29:16.136Z","caller":"server/config.go:319","msg":"WARNING: insecure default parameter value, change this for production!","param":"session.encryption_key"}
{"level":"warn","ts":"2025-03-25T01:29:16.136Z","caller":"server/config.go:323","msg":"WARNING: insecure default parameter value, change this for production!","param":"session.refresh_encryption_key"}
{"level":"warn","ts":"2025-03-25T01:29:16.136Z","caller":"server/config.go:327","msg":"WARNING: insecure default parameter value, change this for production!","param":"runtime.http_key"}
{"level":"warn","ts":"2025-03-25T01:36:19.733Z","caller":"server/config.go:303","msg":"WARNING: insecure default parameter value, change this for production!","param":"console.username"}
{"level":"warn","ts":"2025-03-25T01:36:19.734Z","caller":"server/config.go:311","msg":"WARNING: insecure default parameter value, change this for production!","param":"console.signing_key"}
{"level":"warn","ts":"2025-03-25T01:36:19.734Z","caller":"server/config.go:315","msg":"WARNING: insecure default parameter value, change this for production!","param":"socket.server_key"}
{"level":"warn","ts":"2025-03-25T01:36:19.734Z","caller":"server/config.go:319","msg":"WARNING: insecure default parameter value, change this for production!","param":"session.encryption_key"}
{"level":"warn","ts":"2025-03-25T01:36:19.735Z","caller":"server/config.go:323","msg":"WARNING: insecure default parameter value, change this for production!","param":"session.refresh_encryption_key"}
{"level":"warn","ts":"2025-03-25T01:36:19.735Z","caller":"server/config.go:327","msg":"WARNING: insecure default parameter value, change this for production!","param":"runtime.http_key"}
{"level":"warn","ts":"2025-03-25T01:43:49.356Z","caller":"server/config.go:303","msg":"WARNING: insecure default parameter value, change this for production!","param":"console.username"}
{"level":"warn","ts":"2025-03-25T01:43:49.356Z","caller":"server/config.go:311","msg":"WARNING: insecure default parameter value, change this for production!","param":"console.signing_key"}
{"level":"warn","ts":"2025-03-25T01:43:49.357Z","caller":"server/config.go:315","msg":"WARNING: insecure default parameter value, change this for production!","param":"socket.server_key"}
{"level":"warn","ts":"2025-03-25T01:43:49.357Z","caller":"server/config.go:319","msg":"WARNING: insecure default parameter value, change this for production!","param":"session.encryption_key"}
{"level":"warn","ts":"2025-03-25T01:43:49.357Z","caller":"server/config.go:323","msg":"WARNING: insecure default parameter value, change this for production!","param":"session.refresh_encryption_key"}
{"level":"warn","ts":"2025-03-25T01:43:49.357Z","caller":"server/config.go:327","msg":"WARNING: insecure default parameter value, change this for production!","param":"runtime.http_key"}
